# Starting ChaNGa version 3.4 commit v3.4-64-g6e9300a
# ./ChaNGa integrated_orbits.param
# Running on 1 processors/ 1 nodes
# Code compiled: May 29 2020 16:21:31
# Charm defines:
# Preprocessor macros: CHANGESOFT COOLING_NONE DIFFUSION RTFORCE VSIGVISC HEXADECAPOLE INTERLIST_VER:2 DTADJUST M4KERNEL
# Key sizes: 8 bytes particle 8 bytes node
# Load balancers: MultistepLB_notopo
# Parameters:
# dDelta: 1
# iMaxRung: 30
# nSteps: 10000
# iStartStep: 0
# iWallRunTime: 0
# killAt: 0
# bEpsAccStep: 0
# bGravStep: 1
# dEta: 0.03
# bCannonical: 1
# bKDK: 1
# bDtAdjust: 0
# bBenchmark: 0
# dGlassDamper: 0
# iOutInterval: 1
# iLogInterval: 10000
# iCheckInterval: 10
# iOrbitOutInterval: 1
# iBinaryOutput: 0
# bDoDensity: 1
# bDoIOrderOutput: 0
# bDoSoftOutput: 0
# bDohOutput: 0
# bDoCSound: 0
# bDoStellarLW: 1
# nSmooth: 32
# bDoGravity: 1
# dSoft: 0
# dSoftMax: 0
# bPhysicalSoft: 0
# bSoftMaxMul: 1
# dTheta: 1
# dTheta2: 1
# daSwitchTheta: 0.333333
# iOrder: 4
# bPeriodic: 0
# nReplicas: 0
# dPeriod: 1e+38
# dxPeriod: 1e+38
# dyPeriod: 1e+38
# dzPeriod: 1e+38
# bEwald: 0
# dEwCut: 2.6
# dEwhCut: 2.8
# bComove: 0
# dHubble0: 0
# dOmega0: 1
# dLambda: 0
# dOmegaRad: 0
# dOmegab: 0
# dQuintess: 0
# dRedTo: 0
# bDynGrowMass: 1
# nGrowMass: 0
# dGrowDeltaM: 0
# dGrowStartT: 0
# dGrowEndT: 1
# bDoGas: 0
# bFastGas: 1
# dFracFastGas: 0.1
# dhMinOverSoft: 0
# dResolveJeans: 0
# bViscosityLimiter: 1
# iViscosityLimiter: 1
# bGeometric: 0
# bGasAdiabatic: 0
# bGasIsothermal: 0
# bGasCooling: 0
# iGasModel: -1
# dMaxTemperature: 1e+300
# dMsolUnit: 1
# dKpcUnit: 1000
# ddHonHLimit: 0.1
# dConstAlpha: 1
# dConstBeta: 2
# dConstGamma: 1.66667
# dMeanMolWeight: 1
# dGasConst: 1
# bBulkViscosity: 0
# dMetalDiffusionCoeff: 0
# dThermalDiffusionCoeff: 0
# bConstantDiffusion: 0
# dEtaDiffusion: 0.1
# bSphStep: 0
# bViscosityLimitdt: 0
# dEtaCourant: 0.4
# dEtauDot: 0.25
# nTruncateRung: 0
# bStarForm: 0
# dOverDenMin: 20
# dPhysDenMin: 0.1
# dStarEff: 0.3333
# dInitStarMass: 0
# dMinGasMass: 0
# dMaxStarMass: 0
# dCStar: 0.05
# dTempMax: 15000
# dSoftMin: 1
# dDeltaStarForm: 1e+06
# iStarFormRung: 0
# bBHForm: 0
# dBHFormProb: 0
# dInitBHMass: 0
# iRandomSeed: 1
# bFeedBack: 0
# achIMF: Kroupa93
# iNSNIIQuantum: 0
# dESN: 1e+50
# bSmallSNSmooth: 1
# bShortCoolShutoff: 0
# dExtraCoolShutoff: 1
# dMaxGasMass: 3.40282e+38
# bSNTurnOffCooling: 1
# nSmoothFeedback: 64
# dMaxCoolShutoff: 3e+07
# dEarlyFeedbackFrac: 0
# dFBInitialMassLoad: 0
# dMultiPhaseMinTemp: 100000
# dMultiPhaseMaxTime: 1e+08
# bAGORAFeedback: 0
# dEvapMinTemp: 100000
# dEvapCoeff: 1.2e-07
# dThermalCondCoeff: 1.2e-07
# dThermalCondSatCoeff: 17
# dThermalCond2Coeff: 500
# dThermalCond2SatCoeff: 0.5
# bDoExternalGravity: 1
# bBodyForce: 0
# dBodyForceConst: 0
# dCentMass: 1
# bPatch: 0
# dOrbDist: 0
# bCentralBody: 0
# dEqRad: 1
# dJ2: 0
# dJ4: 0
# dJ6: 0
# bLogarithmicHalo: 1
# iRandomSeed: 1
# bDoSinks: 0
# bBHSink: 0
# bSmallBHSmooth: 0
# bBHTurnOffCooling: 0
# bDoBHKick: 0
# dBHSinkEddEff: 0.1
# dBHSinkFeedbackEff: 0.05
# dBHSinkAlpha: 1
# bBHMindv: 0
# bBHAccreteAll: 1
# bDoSinksAtStart: 0
# bSinkThermal: 0
# dSinkRadius: 0
# dSinkBoundOrbitRadius: 0
# dSinkMustAccreteRadius: 0
# dDeltaSink: 0
# dSinkMassMin: 3.40282e+38
# iSinkRung: 0
# bSinkForm: 0
# nJeans: 50
# dJeansConstant: 23.3246
# bSinkFormJeans: 0
# bSinkFormDivV: 0
# dSinkFormDivVCoeff: 0
# bSinkFormDivAcc: 0
# dSinkFormDivAccCoeff: 0
# bSinkFormDV: 0
# bSinkFormPotMin: 0
# dSinkFormDensity: -1
# dSinkTimeEligible: 0
# bSinkFormSimple: 0
# nSinkFormMin: 32
# dSIDMSigma: 0
# dSIDMVariable: 0
# iSIDMSelect: 0
# bStandard: 1
# bDoublePos: 0
# bDoubleVel: 0
# bOverwrite: 1
# bParaRead: 1
# bParaWrite: 1
# nIOProcessor: 0
# achInFile: zero_vel_conditions.tbin
# achOutName: integrated_orbits
# dExtraStore: 0.01
# dMaxBalance: 1e+10
# dFracLoadBalance: 0.0001
# dDumpFrameStep: -1
# dDumpFrameTime: -1
# iDirector: 1
# bLiveViz: 0
# bUseCkLoopPar: 0
# bStaticTest: 0
# bRandChunks: 1
# iVerbosity: 0
# bVDetails: 0
# nTreePieces: 8
# nPartPerChare: 1265
# nBucket: 12
# nChunks: 1
# nYield: 5
# nCacheDepth: 4
# bPrefetch: 1
# nCacheSize: 100000000
# nDomainDecompose: 3
# dFracNoDomainDecomp: 0
# bConcurrentSph: 1
# bRestart: 0
# bDoSelfGravity: 0
# bVStart: 0
# bVStep: 0
# bVRungStat: 0
# iInitDecompBins: 8
# iOctRefineLevel: 1
# bdoDumpLB: 0
# ilbDumpIteration: 0
# bDoSimulateLB: 0
# TimeOut: none
# time redshift TotalEVir TotalE Kinetic Virial Potential TotalECosmo Ethermal Lx Ly Lz Wallclock
0 0 -9.74964e-07 2.53049e-07 0 -9.74964e-07 2.53049e-07 0 0 0 0 0 0.04926
